This is pdfTeX, Version 3.14159265-2.6-1.40.18 (TeX Live 2017) (preloaded format=pdflatex 2017.11.26)  28 OCT 2018 23:55
entering extended mode
 restricted \write18 enabled.
 file:line:error style messages enabled.
 %&-line parsing enabled.
**Asssignment3_report.tex
(./Asssignment3_report.tex
LaTeX2e <2017-04-15>
Babel <3.10> and hyphenation patterns for 84 language(s) loaded.
(/usr/local/texlive/2017/texmf-dist/tex/latex/base/article.cls
Document Class: article 2014/09/29 v1.4h Standard LaTeX document class
(/usr/local/texlive/2017/texmf-dist/tex/latex/base/size10.clo
File: size10.clo 2014/09/29 v1.4h Standard LaTeX file (size option)
)
\c@part=\count79
\c@section=\count80
\c@subsection=\count81
\c@subsubsection=\count82
\c@paragraph=\count83
\c@subparagraph=\count84
\c@figure=\count85
\c@table=\count86
\abovecaptionskip=\skip41
\belowcaptionskip=\skip42
\bibindent=\dimen102
)
(/usr/local/texlive/2017/texmf-dist/tex/latex/graphics/graphicx.sty
Package: graphicx 2014/10/28 v1.0g Enhanced LaTeX Graphics (DPC,SPQR)

(/usr/local/texlive/2017/texmf-dist/tex/latex/graphics/keyval.sty
Package: keyval 2014/10/28 v1.15 key=value parser (DPC)
\KV@toks@=\toks14
)
(/usr/local/texlive/2017/texmf-dist/tex/latex/graphics/graphics.sty
Package: graphics 2017/04/14 v1.1b Standard LaTeX Graphics (DPC,SPQR)

(/usr/local/texlive/2017/texmf-dist/tex/latex/graphics/trig.sty
Package: trig 2016/01/03 v1.10 sin cos tan (DPC)
)
(/usr/local/texlive/2017/texmf-dist/tex/latex/graphics-cfg/graphics.cfg
File: graphics.cfg 2016/06/04 v1.11 sample graphics configuration
)
Package graphics Info: Driver file: pdftex.def on input line 99.

(/usr/local/texlive/2017/texmf-dist/tex/latex/graphics-def/pdftex.def
File: pdftex.def 2017/01/12 v0.06k Graphics/color for pdfTeX

(/usr/local/texlive/2017/texmf-dist/tex/generic/oberdiek/infwarerr.sty
Package: infwarerr 2016/05/16 v1.4 Providing info/warning/error messages (HO)
)
(/usr/local/texlive/2017/texmf-dist/tex/generic/oberdiek/ltxcmds.sty
Package: ltxcmds 2016/05/16 v1.23 LaTeX kernel commands for general use (HO)
)
\Gread@gobject=\count87
))
\Gin@req@height=\dimen103
\Gin@req@width=\dimen104
)
(/usr/local/texlive/2017/texmf-dist/tex/latex/hyperref/hyperref.sty
Package: hyperref 2017/03/14 v6.85a Hypertext links for LaTeX

(/usr/local/texlive/2017/texmf-dist/tex/generic/oberdiek/hobsub-hyperref.sty
Package: hobsub-hyperref 2016/05/16 v1.14 Bundle oberdiek, subset hyperref (HO)


(/usr/local/texlive/2017/texmf-dist/tex/generic/oberdiek/hobsub-generic.sty
Package: hobsub-generic 2016/05/16 v1.14 Bundle oberdiek, subset generic (HO)
Package: hobsub 2016/05/16 v1.14 Construct package bundles (HO)
Package hobsub Info: Skipping package `infwarerr' (already loaded).
Package hobsub Info: Skipping package `ltxcmds' (already loaded).
Package: ifluatex 2016/05/16 v1.4 Provides the ifluatex switch (HO)
Package ifluatex Info: LuaTeX not detected.
Package: ifvtex 2016/05/16 v1.6 Detect VTeX and its facilities (HO)
Package ifvtex Info: VTeX not detected.
Package: intcalc 2016/05/16 v1.2 Expandable calculations with integers (HO)
Package: ifpdf 2017/03/15 v3.2 Provides the ifpdf switch
Package: etexcmds 2016/05/16 v1.6 Avoid name clashes with e-TeX commands (HO)
Package etexcmds Info: Could not find \expanded.
(etexcmds)             That can mean that you are not using pdfTeX 1.50 or
(etexcmds)             that some package has redefined \expanded.
(etexcmds)             In the latter case, load this package earlier.
Package: kvsetkeys 2016/05/16 v1.17 Key value parser (HO)
Package: kvdefinekeys 2016/05/16 v1.4 Define keys (HO)
Package: pdftexcmds 2017/03/19 v0.25 Utility functions of pdfTeX for LuaTeX (HO
)
Package pdftexcmds Info: LuaTeX not detected.
Package pdftexcmds Info: \pdf@primitive is available.
Package pdftexcmds Info: \pdf@ifprimitive is available.
Package pdftexcmds Info: \pdfdraftmode found.
Package: pdfescape 2016/05/16 v1.14 Implements pdfTeX's escape features (HO)
Package: bigintcalc 2016/05/16 v1.4 Expandable calculations on big integers (HO
)
Package: bitset 2016/05/16 v1.2 Handle bit-vector datatype (HO)
Package: uniquecounter 2016/05/16 v1.3 Provide unlimited unique counter (HO)
)
Package hobsub Info: Skipping package `hobsub' (already loaded).
Package: letltxmacro 2016/05/16 v1.5 Let assignment for LaTeX macros (HO)
Package: hopatch 2016/05/16 v1.3 Wrapper for package hooks (HO)
Package: xcolor-patch 2016/05/16 xcolor patch
Package: atveryend 2016/05/16 v1.9 Hooks at the very end of document (HO)
Package atveryend Info: \enddocument detected (standard20110627).
Package: atbegshi 2016/06/09 v1.18 At begin shipout hook (HO)
Package: refcount 2016/05/16 v3.5 Data extraction from label references (HO)
Package: hycolor 2016/05/16 v1.8 Color options for hyperref/bookmark (HO)
)
(/usr/local/texlive/2017/texmf-dist/tex/generic/ifxetex/ifxetex.sty
Package: ifxetex 2010/09/12 v0.6 Provides ifxetex conditional
)
(/usr/local/texlive/2017/texmf-dist/tex/latex/oberdiek/auxhook.sty
Package: auxhook 2016/05/16 v1.4 Hooks for auxiliary files (HO)
)
(/usr/local/texlive/2017/texmf-dist/tex/latex/oberdiek/kvoptions.sty
Package: kvoptions 2016/05/16 v3.12 Key value format for package options (HO)
)
\@linkdim=\dimen105
\Hy@linkcounter=\count88
\Hy@pagecounter=\count89

(/usr/local/texlive/2017/texmf-dist/tex/latex/hyperref/pd1enc.def
File: pd1enc.def 2017/03/14 v6.85a Hyperref: PDFDocEncoding definition (HO)
)
\Hy@SavedSpaceFactor=\count90

(/usr/local/texlive/2017/texmf-dist/tex/latex/latexconfig/hyperref.cfg
File: hyperref.cfg 2002/06/06 v1.2 hyperref configuration of TeXLive
)
Package hyperref Info: Hyper figures OFF on input line 4498.
Package hyperref Info: Link nesting OFF on input line 4503.
Package hyperref Info: Hyper index ON on input line 4506.
Package hyperref Info: Plain pages OFF on input line 4513.
Package hyperref Info: Backreferencing OFF on input line 4518.
Package hyperref Info: Implicit mode ON; LaTeX internals redefined.
Package hyperref Info: Bookmarks ON on input line 4751.
\c@Hy@tempcnt=\count91

(/usr/local/texlive/2017/texmf-dist/tex/latex/url/url.sty
\Urlmuskip=\muskip10
Package: url 2013/09/16  ver 3.4  Verb mode for urls, etc.
)
LaTeX Info: Redefining \url on input line 5104.
\XeTeXLinkMargin=\dimen106
\Fld@menulength=\count92
\Field@Width=\dimen107
\Fld@charsize=\dimen108
Package hyperref Info: Hyper figures OFF on input line 6358.
Package hyperref Info: Link nesting OFF on input line 6363.
Package hyperref Info: Hyper index ON on input line 6366.
Package hyperref Info: backreferencing OFF on input line 6373.
Package hyperref Info: Link coloring OFF on input line 6378.
Package hyperref Info: Link coloring with OCG OFF on input line 6383.
Package hyperref Info: PDF/A mode OFF on input line 6388.
LaTeX Info: Redefining \ref on input line 6428.
LaTeX Info: Redefining \pageref on input line 6432.
\Hy@abspage=\count93
\c@Item=\count94
\c@Hfootnote=\count95
)

Package hyperref Message: Driver (autodetected): hpdftex.

(/usr/local/texlive/2017/texmf-dist/tex/latex/hyperref/hpdftex.def
File: hpdftex.def 2017/03/14 v6.85a Hyperref driver for pdfTeX
\Fld@listcount=\count96
\c@bookmark@seq@number=\count97

(/usr/local/texlive/2017/texmf-dist/tex/latex/oberdiek/rerunfilecheck.sty
Package: rerunfilecheck 2016/05/16 v1.8 Rerun checks for auxiliary files (HO)
Package uniquecounter Info: New unique counter `rerunfilecheck' on input line 2
82.
)
\Hy@SectionHShift=\skip43
)
(/usr/local/texlive/2017/texmf-dist/tex/latex/amsmath/amsmath.sty
Package: amsmath 2016/11/05 v2.16a AMS math features
\@mathmargin=\skip44

For additional information on amsmath, use the `?' option.
(/usr/local/texlive/2017/texmf-dist/tex/latex/amsmath/amstext.sty
Package: amstext 2000/06/29 v2.01 AMS text

(/usr/local/texlive/2017/texmf-dist/tex/latex/amsmath/amsgen.sty
File: amsgen.sty 1999/11/30 v2.0 generic functions
\@emptytoks=\toks15
\ex@=\dimen109
))
(/usr/local/texlive/2017/texmf-dist/tex/latex/amsmath/amsbsy.sty
Package: amsbsy 1999/11/29 v1.2d Bold Symbols
\pmbraise@=\dimen110
)
(/usr/local/texlive/2017/texmf-dist/tex/latex/amsmath/amsopn.sty
Package: amsopn 2016/03/08 v2.02 operator names
)
\inf@bad=\count98
LaTeX Info: Redefining \frac on input line 213.
\uproot@=\count99
\leftroot@=\count100
LaTeX Info: Redefining \overline on input line 375.
\classnum@=\count101
\DOTSCASE@=\count102
LaTeX Info: Redefining \ldots on input line 472.
LaTeX Info: Redefining \dots on input line 475.
LaTeX Info: Redefining \cdots on input line 596.
\Mathstrutbox@=\box26
\strutbox@=\box27
\big@size=\dimen111
LaTeX Font Info:    Redeclaring font encoding OML on input line 712.
LaTeX Font Info:    Redeclaring font encoding OMS on input line 713.
\macc@depth=\count103
\c@MaxMatrixCols=\count104
\dotsspace@=\muskip11
\c@parentequation=\count105
\dspbrk@lvl=\count106
\tag@help=\toks16
\row@=\count107
\column@=\count108
\maxfields@=\count109
\andhelp@=\toks17
\eqnshift@=\dimen112
\alignsep@=\dimen113
\tagshift@=\dimen114
\tagwidth@=\dimen115
\totwidth@=\dimen116
\lineht@=\dimen117
\@envbody=\toks18
\multlinegap=\skip45
\multlinetaggap=\skip46
\mathdisplay@stack=\toks19
LaTeX Info: Redefining \[ on input line 2817.
LaTeX Info: Redefining \] on input line 2818.
)
(/usr/local/texlive/2017/texmf-dist/tex/latex/amsfonts/amsfonts.sty
Package: amsfonts 2013/01/14 v3.01 Basic AMSFonts support
\symAMSa=\mathgroup4
\symAMSb=\mathgroup5
LaTeX Font Info:    Overwriting math alphabet `\mathfrak' in version `bold'
(Font)                  U/euf/m/n --> U/euf/b/n on input line 106.
)
(/usr/local/texlive/2017/texmf-dist/tex/latex/amsfonts/amssymb.sty
Package: amssymb 2013/01/14 v3.01 AMS font symbols
)
(/usr/local/texlive/2017/texmf-dist/tex/latex/float/float.sty
Package: float 2001/11/08 v1.3d Float enhancements (AL)
\c@float@type=\count110
\float@exts=\toks20
\float@box=\box28
\@float@everytoks=\toks21
\@floatcapt=\box29
)
(/usr/local/texlive/2017/texmf-dist/tex/latex/geometry/geometry.sty
Package: geometry 2010/09/12 v5.6 Page Geometry
\Gm@cnth=\count111
\Gm@cntv=\count112
\c@Gm@tempcnt=\count113
\Gm@bindingoffset=\dimen118
\Gm@wd@mp=\dimen119
\Gm@odd@mp=\dimen120
\Gm@even@mp=\dimen121
\Gm@layoutwidth=\dimen122
\Gm@layoutheight=\dimen123
\Gm@layouthoffset=\dimen124
\Gm@layoutvoffset=\dimen125
\Gm@dimlist=\toks22
)
Package hyperref Info: Option `colorlinks' set `true' on input line 22.

(./Asssignment3_report.aux)
\openout1 = `Asssignment3_report.aux'.

LaTeX Font Info:    Checking defaults for OML/cmm/m/it on input line 26.
LaTeX Font Info:    ... okay on input line 26.
LaTeX Font Info:    Checking defaults for T1/cmr/m/n on input line 26.
LaTeX Font Info:    ... okay on input line 26.
LaTeX Font Info:    Checking defaults for OT1/cmr/m/n on input line 26.
LaTeX Font Info:    ... okay on input line 26.
LaTeX Font Info:    Checking defaults for OMS/cmsy/m/n on input line 26.
LaTeX Font Info:    ... okay on input line 26.
LaTeX Font Info:    Checking defaults for OMX/cmex/m/n on input line 26.
LaTeX Font Info:    ... okay on input line 26.
LaTeX Font Info:    Checking defaults for U/cmr/m/n on input line 26.
LaTeX Font Info:    ... okay on input line 26.
LaTeX Font Info:    Checking defaults for PD1/pdf/m/n on input line 26.
LaTeX Font Info:    ... okay on input line 26.

(/usr/local/texlive/2017/texmf-dist/tex/context/base/mkii/supp-pdf.mkii
[Loading MPS to PDF converter (version 2006.09.02).]
\scratchcounter=\count114
\scratchdimen=\dimen126
\scratchbox=\box30
\nofMPsegments=\count115
\nofMParguments=\count116
\everyMPshowfont=\toks23
\MPscratchCnt=\count117
\MPscratchDim=\dimen127
\MPnumerator=\count118
\makeMPintoPDFobject=\count119
\everyMPtoPDFconversion=\toks24
) (/usr/local/texlive/2017/texmf-dist/tex/latex/oberdiek/epstopdf-base.sty
Package: epstopdf-base 2016/05/15 v2.6 Base part for package epstopdf

(/usr/local/texlive/2017/texmf-dist/tex/latex/oberdiek/grfext.sty
Package: grfext 2016/05/16 v1.2 Manage graphics extensions (HO)
)
Package epstopdf-base Info: Redefining graphics rule for `.eps' on input line 4
38.
Package grfext Info: Graphics extension search list:
(grfext)             [.png,.pdf,.jpg,.mps,.jpeg,.jbig2,.jb2,.PNG,.PDF,.JPG,.JPE
G,.JBIG2,.JB2,.eps]
(grfext)             \AppendGraphicsExtensions on input line 456.

(/usr/local/texlive/2017/texmf-dist/tex/latex/latexconfig/epstopdf-sys.cfg
File: epstopdf-sys.cfg 2010/07/13 v1.3 Configuration of (r)epstopdf for TeX Liv
e
))
\AtBeginShipoutBox=\box31

(/usr/local/texlive/2017/texmf-dist/tex/latex/graphics/color.sty
Package: color 2016/07/10 v1.1e Standard LaTeX Color (DPC)

(/usr/local/texlive/2017/texmf-dist/tex/latex/graphics-cfg/color.cfg
File: color.cfg 2016/01/02 v1.6 sample color configuration
)
Package color Info: Driver file: pdftex.def on input line 147.
)
Package hyperref Info: Link coloring ON on input line 26.

(/usr/local/texlive/2017/texmf-dist/tex/latex/hyperref/nameref.sty
Package: nameref 2016/05/21 v2.44 Cross-referencing by name of section

(/usr/local/texlive/2017/texmf-dist/tex/generic/oberdiek/gettitlestring.sty
Package: gettitlestring 2016/05/16 v1.5 Cleanup title references (HO)
)
\c@section@level=\count120
)
LaTeX Info: Redefining \ref on input line 26.
LaTeX Info: Redefining \pageref on input line 26.
LaTeX Info: Redefining \nameref on input line 26.

(./Asssignment3_report.out) (./Asssignment3_report.out)
\@outlinefile=\write3
\openout3 = `Asssignment3_report.out'.


*geometry* driver: auto-detecting
*geometry* detected driver: pdftex
*geometry* verbose mode - [ preamble ] result:
* driver: pdftex
* paper: legalpaper
* layout: <same size as paper>
* layoutoffset:(h,v)=(0.0pt,0.0pt)
* modes: 
* h-part:(L,W,R)=(72.26999pt, 469.75502pt, 72.26999pt)
* v-part:(T,H,B)=(72.26999pt, 867.24002pt, 72.26999pt)
* \paperwidth=614.295pt
* \paperheight=1011.78pt
* \textwidth=469.75502pt
* \textheight=867.24002pt
* \oddsidemargin=0.0pt
* \evensidemargin=0.0pt
* \topmargin=-37.0pt
* \headheight=12.0pt
* \headsep=25.0pt
* \topskip=10.0pt
* \footskip=30.0pt
* \marginparwidth=65.0pt
* \marginparsep=11.0pt
* \columnsep=10.0pt
* \skip\footins=9.0pt plus 4.0pt minus 2.0pt
* \hoffset=0.0pt
* \voffset=0.0pt
* \mag=1000
* \@twocolumnfalse
* \@twosidefalse
* \@mparswitchfalse
* \@reversemarginfalse
* (1in=72.27pt=25.4mm, 1cm=28.453pt)

LaTeX Font Info:    Try loading font information for U+msa on input line 29.
(/usr/local/texlive/2017/texmf-dist/tex/latex/amsfonts/umsa.fd
File: umsa.fd 2013/01/14 v3.01 AMS symbols A
)
LaTeX Font Info:    Try loading font information for U+msb on input line 29.

(/usr/local/texlive/2017/texmf-dist/tex/latex/amsfonts/umsb.fd
File: umsb.fd 2013/01/14 v3.01 AMS symbols B
)
./Asssignment3_report.tex:38: Undefined control sequence.
l.38 \subfigure
               {\includegraphics[width=0.45\textwidth]{filter1_weights.png}}
? 
<filter1_weights.png, id=40, 632.3625pt x 474.27188pt>
File: filter1_weights.png Graphic file (type png)

<use filter1_weights.png>
Package pdftex.def Info: filter1_weights.png used on input line 38.
(pdftex.def)             Requested size: 211.38832pt x 158.5365pt.

./Asssignment3_report.tex:40: Undefined control sequence.
l.40 \subfigure
               {\includegraphics[width=0.45\textwidth]{filter2_weights.png}}
? 
<filter2_weights.png, id=41, 632.3625pt x 474.27188pt>
File: filter2_weights.png Graphic file (type png)

<use filter2_weights.png>
Package pdftex.def Info: filter2_weights.png used on input line 40.
(pdftex.def)             Requested size: 211.38832pt x 158.5365pt.

./Asssignment3_report.tex:44: Undefined control sequence.
l.44 \subfigure
               {\includegraphics[width=0.45\textwidth]{filter3_weights.png}}
? 
<filter3_weights.png, id=42, 632.3625pt x 474.27188pt>
File: filter3_weights.png Graphic file (type png)

<use filter3_weights.png>
Package pdftex.def Info: filter3_weights.png used on input line 44.
(pdftex.def)             Requested size: 211.38832pt x 158.5365pt.

./Asssignment3_report.tex:46: Undefined control sequence.
l.46 \subfigure
               {\includegraphics[width=0.45\textwidth]{filter20_weights.png}}
? 
<filter20_weights.png, id=43, 632.3625pt x 474.27188pt>
File: filter20_weights.png Graphic file (type png)

<use filter20_weights.png>
Package pdftex.def Info: filter20_weights.png used on input line 46.
(pdftex.def)             Requested size: 211.38832pt x 158.5365pt.

./Asssignment3_report.tex:50: Undefined control sequence.
l.50 \subfigure
               {\includegraphics[width=0.45\textwidth]{filter5_weights.png}}
? 
<filter5_weights.png, id=44, 632.3625pt x 474.27188pt>
File: filter5_weights.png Graphic file (type png)

<use filter5_weights.png>
Package pdftex.def Info: filter5_weights.png used on input line 50.
(pdftex.def)             Requested size: 211.38832pt x 158.5365pt.

./Asssignment3_report.tex:52: Undefined control sequence.
l.52 \subfigure
               {\includegraphics[width=0.45\textwidth]{filter6_weights.png}}
? 
<filter6_weights.png, id=45, 632.3625pt x 474.27188pt>
File: filter6_weights.png Graphic file (type png)

<use filter6_weights.png>
Package pdftex.def Info: filter6_weights.png used on input line 52.
(pdftex.def)             Requested size: 211.38832pt x 158.5365pt.

./Asssignment3_report.tex:56: Undefined control sequence.
l.56 \subfigure
               {\includegraphics[width=0.45\textwidth]{filter7_weights.png}}
? 
<filter7_weights.png, id=46, 632.3625pt x 474.27188pt>
File: filter7_weights.png Graphic file (type png)

<use filter7_weights.png>
Package pdftex.def Info: filter7_weights.png used on input line 56.
(pdftex.def)             Requested size: 211.38832pt x 158.5365pt.

./Asssignment3_report.tex:58: Undefined control sequence.
l.58 \subfigure
               {\includegraphics[width=0.45\textwidth]{filter8_weights.png}}
? 
<filter8_weights.png, id=47, 632.3625pt x 474.27188pt>
File: filter8_weights.png Graphic file (type png)

<use filter8_weights.png>
Package pdftex.def Info: filter8_weights.png used on input line 58.
(pdftex.def)             Requested size: 211.38832pt x 158.5365pt.
 [1

{/usr/local/texlive/2017/texmf-var/fonts/map/pdftex/updmap/pdftex.map} <./filte
r1_weights.png (PNG copy)> <./filter2_weights.png (PNG copy)> <./filter3_weight
s.png (PNG copy)> <./filter20_weights.png (PNG copy)> <./filter5_weights.png (P
NG copy)> <./filter6_weights.png (PNG copy)>]
./Asssignment3_report.tex:62: Undefined control sequence.
l.62 \subfigure
               {\includegraphics[width=0.45\textwidth]{filter9_weights.png}}
? 
<filter9_weights.png, id=57, 632.3625pt x 474.27188pt>
File: filter9_weights.png Graphic file (type png)

<use filter9_weights.png>
Package pdftex.def Info: filter9_weights.png used on input line 62.
(pdftex.def)             Requested size: 211.38832pt x 158.5365pt.

./Asssignment3_report.tex:64: Undefined control sequence.
l.64 \subfigure
               {\includegraphics[width=0.45\textwidth]{filter10_weights.png}}
? 
<filter10_weights.png, id=58, 632.3625pt x 474.27188pt>
File: filter10_weights.png Graphic file (type png)

<use filter10_weights.png>
Package pdftex.def Info: filter10_weights.png used on input line 64.
(pdftex.def)             Requested size: 211.38832pt x 158.5365pt.

./Asssignment3_report.tex:68: Undefined control sequence.
l.68 \subfigure
               {\includegraphics[width=0.45\textwidth]{filter11_weights.png}}
? 
<filter11_weights.png, id=59, 632.3625pt x 474.27188pt>
File: filter11_weights.png Graphic file (type png)

<use filter11_weights.png>
Package pdftex.def Info: filter11_weights.png used on input line 68.
(pdftex.def)             Requested size: 211.38832pt x 158.5365pt.

./Asssignment3_report.tex:70: Undefined control sequence.
l.70 \subfigure
               {\includegraphics[width=0.45\textwidth]{filter12_weights.png}}
? 
<filter12_weights.png, id=60, 632.3625pt x 474.27188pt>
File: filter12_weights.png Graphic file (type png)

<use filter12_weights.png>
Package pdftex.def Info: filter12_weights.png used on input line 70.
(pdftex.def)             Requested size: 211.38832pt x 158.5365pt.

./Asssignment3_report.tex:74: Undefined control sequence.
l.74 \subfigure
               {\includegraphics[width=0.45\textwidth]{filter13_weights.png}}
? 
<filter13_weights.png, id=61, 632.3625pt x 474.27188pt>
File: filter13_weights.png Graphic file (type png)

<use filter13_weights.png>
Package pdftex.def Info: filter13_weights.png used on input line 74.
(pdftex.def)             Requested size: 211.38832pt x 158.5365pt.

./Asssignment3_report.tex:76: Undefined control sequence.
l.76 \subfigure
               {\includegraphics[width=0.45\textwidth]{filter14_weights.png}}
? 
<filter14_weights.png, id=62, 632.3625pt x 474.27188pt>
File: filter14_weights.png Graphic file (type png)

<use filter14_weights.png>
Package pdftex.def Info: filter14_weights.png used on input line 76.
(pdftex.def)             Requested size: 211.38832pt x 158.5365pt.

./Asssignment3_report.tex:80: Undefined control sequence.
l.80 \subfigure
               {\includegraphics[width=0.45\textwidth]{filter15_weights.png}}
? 
<filter15_weights.png, id=63, 632.3625pt x 474.27188pt>
File: filter15_weights.png Graphic file (type png)

<use filter15_weights.png>
Package pdftex.def Info: filter15_weights.png used on input line 80.
(pdftex.def)             Requested size: 211.38832pt x 158.5365pt.

./Asssignment3_report.tex:82: Undefined control sequence.
l.82 \subfigure
               {\includegraphics[width=0.45\textwidth]{filter16_weights.png}}
? 
<filter16_weights.png, id=64, 632.3625pt x 474.27188pt>
File: filter16_weights.png Graphic file (type png)

<use filter16_weights.png>
Package pdftex.def Info: filter16_weights.png used on input line 82.
(pdftex.def)             Requested size: 211.38832pt x 158.5365pt.
 [2 <./filter7_weights.png (PNG copy)> <./filter8_weights.png (PNG copy)> <./fi
lter9_weights.png (PNG copy)> <./filter10_weights.png (PNG copy)> <./filter11_w
eights.png (PNG copy)> <./filter12_weights.png (PNG copy)> <./filter13_weights.
png (PNG copy)> <./filter14_weights.png (PNG copy)>]
./Asssignment3_report.tex:86: Undefined control sequence.
l.86 \subfigure
               {\includegraphics[width=0.45\textwidth]{filter17_weights.png}}
? 
<filter17_weights.png, id=69, 632.3625pt x 474.27188pt>
File: filter17_weights.png Graphic file (type png)

<use filter17_weights.png>
Package pdftex.def Info: filter17_weights.png used on input line 86.
(pdftex.def)             Requested size: 211.38832pt x 158.5365pt.

./Asssignment3_report.tex:88: Undefined control sequence.
l.88 \subfigure
               {\includegraphics[width=0.45\textwidth]{filter18_weights.png}}
? 
<filter18_weights.png, id=70, 632.3625pt x 474.27188pt>
File: filter18_weights.png Graphic file (type png)

<use filter18_weights.png>
Package pdftex.def Info: filter18_weights.png used on input line 88.
(pdftex.def)             Requested size: 211.38832pt x 158.5365pt.

./Asssignment3_report.tex:92: Undefined control sequence.
l.92 \subfigure
               {\includegraphics[width=0.45\textwidth]{filter19_weights.png}}
? 
<filter19_weights.png, id=71, 632.3625pt x 474.27188pt>
File: filter19_weights.png Graphic file (type png)

<use filter19_weights.png>
Package pdftex.def Info: filter19_weights.png used on input line 92.
(pdftex.def)             Requested size: 211.38832pt x 158.5365pt.

./Asssignment3_report.tex:94: Undefined control sequence.
l.94 \subfigure
               {\includegraphics[width=0.45\textwidth]{filter20_weights.png}}
? 
File: filter20_weights.png Graphic file (type png)
<use filter20_weights.png>
Package pdftex.def Info: filter20_weights.png used on input line 94.
(pdftex.def)             Requested size: 211.38832pt x 158.5365pt.
 <num.jpg, id=72, 702.625pt x 526.96875pt>
File: num.jpg Graphic file (type jpg)

<use num.jpg>
Package pdftex.def Info: num.jpg used on input line 100.
(pdftex.def)             Requested size: 305.33789pt x 229.01245pt.
 <map.jpg, id=73, 702.625pt x 526.96875pt>
File: map.jpg Graphic file (type jpg)
 <use map.jpg>
Package pdftex.def Info: map.jpg used on input line 107.
(pdftex.def)             Requested size: 305.33789pt x 229.01245pt.
 [3pdfTeX warning (ext4): destination with the same identifier (name{figure.1})
 has been already used, duplicate ignored

\AtBegShi@Output ...ipout \box \AtBeginShipoutBox 
                                                  \fi \fi 
l.111 T
       he activation map in 2nd Column and 3rd Row detects the vertical line...
 <./filter15_weights.png (PNG copy)> <./filter16_weights.png (PNG copy)> <./fil
ter17_weights.png (PNG copy)> <./filter18_weights.png (PNG copy)> <./filter19_w
eights.png (PNG copy)> <./num.jpg>]
Package atveryend Info: Empty hook `BeforeClearDocument' on input line 172.
 [4pdfTeX warning (ext4): destination with the same identifier (name{figure.2})
 has been already used, duplicate ignored

\AtBegShi@Output ...ipout \box \AtBeginShipoutBox 
                                                  \fi \fi 
l.172 \end{document}
                     <./map.jpg>]
Package atveryend Info: Empty hook `AfterLastShipout' on input line 172.
 (./Asssignment3_report.aux)
Package atveryend Info: Executing hook `AtVeryEndDocument' on input line 172.
Package atveryend Info: Executing hook `AtEndAfterFileList' on input line 172.
Package rerunfilecheck Info: File `Asssignment3_report.out' has not changed.
(rerunfilecheck)             Checksum: A5631126D67AA6E2FB9AFB03FAF6F144;630.
Package atveryend Info: Empty hook `AtVeryVeryEnd' on input line 172.
 ) 
Here is how much of TeX's memory you used:
 6619 strings out of 492995
 96376 string characters out of 6132703
 189035 words of memory out of 5000000
 10073 multiletter control sequences out of 15000+600000
 11195 words of font info for 44 fonts, out of 8000000 for 9000
 1141 hyphenation exceptions out of 8191
 28i,6n,29p,542b,327s stack positions out of 5000i,500n,10000p,200000b,80000s
</usr/local/texlive/2017/texmf-dist/fonts/type1/public/amsfonts/cm/cmbx12.pfb
></usr/local/texlive/2017/texmf-dist/fonts/type1/public/amsfonts/cm/cmr10.pfb><
/usr/local/texlive/2017/texmf-dist/fonts/type1/public/amsfonts/cm/cmr12.pfb></u
sr/local/texlive/2017/texmf-dist/fonts/type1/public/amsfonts/cm/cmr17.pfb>
Output written on Asssignment3_report.pdf (4 pages, 477645 bytes).
PDF statistics:
 104 PDF objects out of 1000 (max. 8388607)
 72 compressed objects within 1 object stream
 16 named destinations out of 1000 (max. 500000)
 178 words of extra memory for PDF output out of 10000 (max. 10000000)

